<?xml version="1.0" encoding="UTF-8"?>
<!-- Generated by org.testng.reporters.JUnitReportReporter -->
<testsuite hostname="Vivek-Sharma-2000" failures="0" tests="4" name="com.excelr.testcases.LoginPageTest" time="209.815" errors="0" timestamp="2022-11-17T20:15:00 IST" skipped="0">
  <testcase classname="com.excelr.testcases.LoginPageTest" name="ValidateLogoTest" time="81.353"/>
  <system-out/>
  <testcase classname="com.excelr.testcases.LoginPageTest" name="forgotPasswordTest" time="39.275"/>
  <system-out/>
  <testcase classname="com.excelr.testcases.LoginPageTest" name="ValidateLoginPageTest" time="60.556"/>
  <system-out/>
  <testcase classname="com.excelr.testcases.LoginPageTest" name="ValidateTitleTest" time="28.631"/>
  <system-out/>
</testsuite> <!-- com.excelr.testcases.LoginPageTest -->
